<?xml version="1.0" encoding="UTF-8"?>
<testsuites>
  <testsuite name="" tests="12" assertions="16" errors="0" warnings="0" failures="0" skipped="0" time="38.621819">
    <testsuite name="Test Suite" tests="12" assertions="16" errors="0" warnings="0" failures="0" skipped="0" time="38.621819">
      <testsuite name="Riclep\SocialGraces\Tests\SocialGracesTest" file="/app/tests/SocialGracesTest.php" tests="12" assertions="16" errors="0" warnings="0" failures="0" skipped="0" time="38.621819">
        <testcase name="can_run_a_manner" class="Riclep\SocialGraces\Tests\SocialGracesTest" classname="Riclep.SocialGraces.Tests.SocialGracesTest" file="/app/tests/SocialGracesTest.php" line="15" assertions="1" time="3.570315"/>
        <testcase name="can_size_an_image_in_manner" class="Riclep\SocialGraces\Tests\SocialGracesTest" classname="Riclep.SocialGraces.Tests.SocialGracesTest" file="/app/tests/SocialGracesTest.php" line="24" assertions="2" time="2.956114"/>
        <testcase name="can_size_an_image_with_method" class="Riclep\SocialGraces\Tests\SocialGracesTest" classname="Riclep.SocialGraces.Tests.SocialGracesTest" file="/app/tests/SocialGracesTest.php" line="36" assertions="2" time="2.927189"/>
        <testcase name="can_set_image_format_in_manner" class="Riclep\SocialGraces\Tests\SocialGracesTest" classname="Riclep.SocialGraces.Tests.SocialGracesTest" file="/app/tests/SocialGracesTest.php" line="48" assertions="1" time="2.643996"/>
        <testcase name="can_set_filename" class="Riclep\SocialGraces\Tests\SocialGracesTest" classname="Riclep.SocialGraces.Tests.SocialGracesTest" file="/app/tests/SocialGracesTest.php" line="56" assertions="1" time="3.196674"/>
        <testcase name="can_set_image_format_with_method" class="Riclep\SocialGraces\Tests\SocialGracesTest" classname="Riclep.SocialGraces.Tests.SocialGracesTest" file="/app/tests/SocialGracesTest.php" line="64" assertions="1" time="2.600274"/>
        <testcase name="can_get_manner_url" class="Riclep\SocialGraces\Tests\SocialGracesTest" classname="Riclep.SocialGraces.Tests.SocialGracesTest" file="/app/tests/SocialGracesTest.php" line="72" assertions="1" time="3.063728"/>
        <testcase name="can_set_manner_source" class="Riclep\SocialGraces\Tests\SocialGracesTest" classname="Riclep.SocialGraces.Tests.SocialGracesTest" file="/app/tests/SocialGracesTest.php" line="81" assertions="1" time="1.585020"/>
        <testcase name="can_overwrite_a_manor" class="Riclep\SocialGraces\Tests\SocialGracesTest" classname="Riclep.SocialGraces.Tests.SocialGracesTest" file="/app/tests/SocialGracesTest.php" line="90" assertions="1" time="5.811864"/>
        <testcase name="can_use_default_image" class="Riclep\SocialGraces\Tests\SocialGracesTest" classname="Riclep.SocialGraces.Tests.SocialGracesTest" file="/app/tests/SocialGracesTest.php" line="100" assertions="1" time="0.257909"/>
        <testcase name="can_run_manners_in_grace" class="Riclep\SocialGraces\Tests\SocialGracesTest" classname="Riclep.SocialGraces.Tests.SocialGracesTest" file="/app/tests/SocialGracesTest.php" line="108" assertions="2" time="5.495312"/>
        <testcase name="can_get_a_manner_url" class="Riclep\SocialGraces\Tests\SocialGracesTest" classname="Riclep.SocialGraces.Tests.SocialGracesTest" file="/app/tests/SocialGracesTest.php" line="118" assertions="2" time="4.513426"/>
      </testsuite>
    </testsuite>
  </testsuite>
</testsuites>
